
Collecting usage statistics. To deactivate, set browser.gatherUsageStats to false.


  You can now view your Streamlit app in your browser.

  Network URL: http://192.168.1.112:8501
  External URL: http://211.81.52.4:8501


      👋 Welcome to Streamlit!

      If you’d like to receive helpful onboarding emails, news, offers, promotions,
      and the occasional swag, please enter your email address below. Otherwise,
      leave this field blank.

      Email:  2024-05-31 11:34:47.737 [Errno 9] Bad file descriptor

      👋 Welcome to Streamlit!

      If you’d like to receive helpful onboarding emails, news, offers, promotions,
      and the occasional swag, please enter your email address below. Otherwise,
      leave this field blank.

      Email:  2024-05-31 11:34:57.102 [Errno 9] Bad file descriptor

      👋 Welcome to Streamlit!

      If you’d like to receive helpful onboarding emails, news, offers, promotions,
      and the occasional swag, please enter your email address below. Otherwise,
      leave this field blank.

      Email:  2024-05-31 11:35:14.721 [Errno 9] Bad file descriptor

  You can now view your Streamlit app in your browser.

  Local URL: http://localhost:8501
  Network URL: http://192.168.1.112:8501


  A new version of Streamlit is available.

  See what's new at https://discuss.streamlit.io/c/announcements

  Enter the following command to upgrade:
  $ pip install streamlit --upgrade


  You can now view your Streamlit app in your browser.

  Local URL: http://localhost:8502
  Network URL: http://192.168.1.112:8502

  Stopping...

  You can now view your Streamlit app in your browser.

  Local URL: http://localhost:8502
  Network URL: http://192.168.1.112:8502

  Stopping...
  Stopping...
